<?xml version="1.0" encoding="UTF-8"?>
<Benchmark xmlns="http://checklists.nist.gov/xccdf/1.1" xmlns:xsi="http://www.w3.org/2001/XMLSchema-instance" id="generated-xccdf" resolved="1">
  <status>incomplete</status>
  <title xmlns:xhtml="http://www.w3.org/1999/xhtml">Automatically generated XCCDF from OVAL file: com.redhat.rhsa-all.xml</title>
  <description xmlns:xhtml="http://www.w3.org/1999/xhtml">This file has been generated automatically from oval definitions file.</description>
  <version>None, generated from OVAL file.</version>
  <model system="urn:xccdf:scoring:default"/>
  <Rule id="oval-com.redhat.rhsa-def-20030315" selected="true" severity="low">
    <title xmlns:xhtml="http://www.w3.org/1999/xhtml">RHSA-2003:315: quagga security update (Low)</title>
    <ident system="https://rhn.redhat.com/errata">RHSA-2003-315</ident>
    <ident system="http://cve.mitre.org">CVE-2003-0858</ident>
    <check system="http://oval.mitre.org/XMLSchema/oval-definitions-5">
      <check-content-ref name="oval:com.redhat.rhsa:def:20030315" href="com.redhat.rhsa-all.xml"/>
    </check>
  </Rule>
  <Rule id="oval-com.redhat.rhsa-def-20030317" selected="true" severity="low">
    <title xmlns:xhtml="http://www.w3.org/1999/xhtml">RHSA-2003:317: iproute security update (Low)</title>
    <ident system="https://rhn.redhat.com/errata">RHSA-2003-317</ident>
    <ident system="http://cve.mitre.org">CVE-2003-0856</ident>
    <check system="http://oval.mitre.org/XMLSchema/oval-definitions-5">
      <check-content-ref name="oval:com.redhat.rhsa:def:20030317" href="com.redhat.rhsa-all.xml"/>
    </check>
  </Rule>
  <TestResult id="xccdf_org.open-scap_testresult_default-profile" start-time="2016-05-05T16:06:46" end-time="2016-05-05T16:06:47" version="None, generated from OVAL file.">
    <benchmark href="com.redhat.rhsa-all.xccdf.xml"/>
    <title>OSCAP Scan Result</title>
    <identity authenticated="false" privileged="false">aosborne</identity>
    <target>test.example.org</target>
    <target-address>127.0.0.1</target-address>
    <target-facts>
      <fact name="urn:xccdf:fact:scanner:name" type="string">OpenSCAP</fact>
      <fact name="urn:xccdf:fact:scanner:version" type="string">1.2.5</fact>
      <fact name="urn:xccdf:fact:ethernet:MAC" type="string">00:00:00:00:00:00</fact>
    </target-facts>
    <rule-result idref="oval-com.redhat.rhsa-def-20030315" time="2016-05-05T16:06:46" severity="low" weight="1.000000">
      <result>pass</result>
      <ident system="https://rhn.redhat.com/errata">RHSA-2003-315</ident>
      <ident system="http://cve.mitre.org">CVE-2003-0858</ident>
      <check system="http://oval.mitre.org/XMLSchema/oval-definitions-5">
        <check-content-ref name="oval:com.redhat.rhsa:def:20030315" href="com.redhat.rhsa-all.xml"/>
      </check>
    </rule-result>
    <rule-result idref="oval-com.redhat.rhsa-def-20030317" time="2016-05-05T16:06:46" severity="high" weight="1.000000">
      <result>fail</result>
      <ident system="https://rhn.redhat.com/errata">RHSA-2003-317</ident>
      <ident system="http://cve.mitre.org">CVE-2003-0856</ident>
      <check system="http://oval.mitre.org/XMLSchema/oval-definitions-5">
        <check-content-ref name="oval:com.redhat.rhsa:def:20030317" href="com.redhat.rhsa-all.xml"/>
      </check>
    </rule-result>
    <score system="urn:xccdf:scoring:default" maximum="100.000000">99.690506</score>
  </TestResult>
</Benchmark>
